\BOOKMARK [1][-]{section.1}{Supervised learning}{}% 1
\BOOKMARK [2][-]{subsection.1.1}{Linear Regression}{section.1}% 2
\BOOKMARK [2][-]{subsection.1.2}{LMS Algorithm}{section.1}% 3
\BOOKMARK [2][-]{subsection.1.3}{The Normal Equations}{section.1}% 4
\BOOKMARK [3][-]{subsubsection.1.3.1}{Matrix Derivatives}{subsection.1.3}% 5
\BOOKMARK [3][-]{subsubsection.1.3.2}{Deriving the Normal Equations}{subsection.1.3}% 6
\BOOKMARK [1][-]{section.2}{Locally Weighted Linear Regression }{}% 7
\BOOKMARK [1][-]{section.3}{Classification and Logistic Regression}{}% 8
\BOOKMARK [2][-]{subsection.3.1}{Another Maximization Algorithm}{section.3}% 9
\BOOKMARK [1][-]{section.4}{Generalized Linear Models}{}% 10
\BOOKMARK [2][-]{subsection.4.1}{The Exponential Family}{section.4}% 11
\BOOKMARK [2][-]{subsection.4.2}{Constructing GLM's}{section.4}% 12
\BOOKMARK [3][-]{subsubsection.4.2.1}{Ordinary Least Squares}{subsection.4.2}% 13
\BOOKMARK [3][-]{subsubsection.4.2.2}{Logistic Regression}{subsection.4.2}% 14
\BOOKMARK [3][-]{subsubsection.4.2.3}{Softmax Regression}{subsection.4.2}% 15
\BOOKMARK [1][-]{section.5}{Generative Learning Algorithms}{}% 16
\BOOKMARK [1][-]{section.6}{Gaussian Discriminant Analysis}{}% 17
\BOOKMARK [2][-]{subsection.6.1}{The Multivariate Normal Distribution}{section.6}% 18
\BOOKMARK [2][-]{subsection.6.2}{The GDA Model}{section.6}% 19
\BOOKMARK [1][-]{section.7}{Naive Bayes}{}% 20
